[  2%] Built target gazebo_ros_joint_state_publisher
[  4%] Built target multi_camera_plugin
[  6%] Built target gazebo_ros_template
[  9%] Built target gazebo_ros_force
[ 11%] Built target gazebo_ros_imu_sensor
[ 13%] Built target gazebo_ros_gps_sensor
[ 16%] Built target gazebo_ros_ray_sensor
[ 18%] Built target gazebo_ros_bumper
[ 20%] Built target gazebo_ros_ft_sensor
[ 23%] Built target gazebo_ros_harness
[ 25%] Built target gazebo_ros_elevator
[ 29%] Built target gazebo_ros_video
[ 30%] Built target gazebo_ros_tricycle_drive
[ 32%] Built target gazebo_ros_diff_drive
[ 34%] Built target gazebo_ros_p3d
[ 37%] Built target gazebo_ros_hand_of_god
[ 39%] Built target gazebo_ros_ackermann_drive
[ 41%] Built target gtest_main
[ 44%] Built target gazebo_ros_vacuum_gripper
[ 46%] Built target gtest
[ 48%] Built target gazebo_ros_joint_pose_trajectory
[ 51%] Built target gazebo_ros_planar_move
[ 53%] Built target gazebo_ros_wheel_slip
[ 55%] Built target gazebo_ros_projector
[ 56%] [32mBuilding CXX object test/CMakeFiles/test_gazebo_ros_diff_drive.dir/test_gazebo_ros_diff_drive.cpp.o[0m
[ 58%] [32mBuilding CXX object test/CMakeFiles/test_gazebo_ros_bumper.dir/test_gazebo_ros_bumper.cpp.o[0m
[ 59%] [32mBuilding CXX object test/CMakeFiles/test_gazebo_ros_elevator.dir/test_gazebo_ros_elevator.cpp.o[0m
[ 60%] [32mBuilding CXX object test/CMakeFiles/test_gazebo_ros_ackermann_drive.dir/test_gazebo_ros_ackermann_drive.cpp.o[0m
[ 61%] [32mBuilding CXX object test/CMakeFiles/test_gazebo_ros_ft_sensor.dir/test_gazebo_ros_ft_sensor.cpp.o[0m
[ 62%] [32mBuilding CXX object test/CMakeFiles/test_gazebo_ros_force.dir/test_gazebo_ros_force.cpp.o[0m
[ 63%] [32mBuilding CXX object test/CMakeFiles/test_gazebo_ros_hand_of_god.dir/test_gazebo_ros_hand_of_god.cpp.o[0m
[ 66%] Built target gazebo_ros_camera
[ 67%] [32mBuilding CXX object test/CMakeFiles/test_gazebo_ros_harness.dir/test_gazebo_ros_harness.cpp.o[0m
gmake[2]: *** [test/CMakeFiles/test_gazebo_ros_force.dir/build.make:76: test/CMakeFiles/test_gazebo_ros_force.dir/test_gazebo_ros_force.cpp.o] Interrupt
gmake[2]: *** [test/CMakeFiles/test_gazebo_ros_harness.dir/build.make:76: test/CMakeFiles/test_gazebo_ros_harness.dir/test_gazebo_ros_harness.cpp.o] Interrupt
gmake[2]: *** [test/CMakeFiles/test_gazebo_ros_hand_of_god.dir/build.make:76: test/CMakeFiles/test_gazebo_ros_hand_of_god.dir/test_gazebo_ros_hand_of_god.cpp.o] Interrupt
gmake[2]: *** [test/CMakeFiles/test_gazebo_ros_elevator.dir/build.make:76: test/CMakeFiles/test_gazebo_ros_elevator.dir/test_gazebo_ros_elevator.cpp.o] Interrupt
gmake[2]: *** [test/CMakeFiles/test_gazebo_ros_ackermann_drive.dir/build.make:76: test/CMakeFiles/test_gazebo_ros_ackermann_drive.dir/test_gazebo_ros_ackermann_drive.cpp.o] Interrupt
gmake[2]: *** [test/CMakeFiles/test_gazebo_ros_diff_drive.dir/build.make:76: test/CMakeFiles/test_gazebo_ros_diff_drive.dir/test_gazebo_ros_diff_drive.cpp.o] Interrupt
gmake[2]: *** wait: No child processes.  Stop.
gmake[2]: *** Waiting for unfinished jobs....
gmake[2]: *** wait: No child processes.  Stop.
gmake[2]: *** wait: No child processes.  Stop.
gmake[2]: *** Waiting for unfinished jobs....
gmake[2]: *** wait: No child processes.  Stop.
gmake[1]: *** [CMakeFiles/Makefile2:876: test/CMakeFiles/test_gazebo_ros_bumper.dir/all] Error 2
gmake[1]: *** [CMakeFiles/Makefile2:903: test/CMakeFiles/test_gazebo_ros_diff_drive.dir/all] Interrupt
gmake[1]: *** [CMakeFiles/Makefile2:930: test/CMakeFiles/test_gazebo_ros_elevator.dir/all] Interrupt
gmake[1]: *** [CMakeFiles/Makefile2:849: test/CMakeFiles/test_gazebo_ros_ackermann_drive.dir/all] Interrupt
gmake[1]: *** [CMakeFiles/Makefile2:984: test/CMakeFiles/test_gazebo_ros_ft_sensor.dir/all] Error 2
gmake[1]: *** [CMakeFiles/Makefile2:957: test/CMakeFiles/test_gazebo_ros_force.dir/all] Interrupt
gmake[1]: *** [CMakeFiles/Makefile2:1011: test/CMakeFiles/test_gazebo_ros_hand_of_god.dir/all] Interrupt
gmake[1]: *** [CMakeFiles/Makefile2:1038: test/CMakeFiles/test_gazebo_ros_harness.dir/all] Interrupt
gmake: *** [Makefile:146: all] Interrupt
